<?xml version="1.0" encoding="UTF-8"?>
<!-- Generated by org.testng.reporters.JUnitReportReporter -->
<testsuite hostname="ARPGL002607" failures="0" tests="1" name="asdf.asdf.App" time="6.386" errors="0" timestamp="2023-02-19T15:57:11 IST" skipped="0">
  <testcase classname="asdf.asdf.App" name="signup" time="6.386"/>
  <system-out/>
</testsuite> <!-- asdf.asdf.App -->
