<?xml version="1.0" encoding="UTF-8"?>
<!-- Generated by org.testng.reporters.JUnitReportReporter -->
<testsuite hostname="ARPGL002607" failures="0" tests="1" name="asdf.asdf.App$StandAlone" time="9.497" errors="0" timestamp="2023-02-12T20:01:56 IST" skipped="0">
  <testcase classname="asdf.asdf.App$StandAlone" name="dropdown" time="9.497"/>
  <system-out/>
</testsuite> <!-- asdf.asdf.App$StandAlone -->
