<?xml version="1.0" encoding="UTF-8"?>
<!-- Generated by org.testng.reporters.JUnitReportReporter -->
<testsuite hostname="ARPGL002607" failures="0" tests="1" name="com.asfd.testcase.TC_myaccountpageTest2" time="0.000" errors="0" timestamp="2023-03-02T14:39:29 IST" skipped="1">
  <testcase classname="com.asfd.testcase.TC_myaccountpageTest2" name="oprn" time="0.000">
    <skipped/>
  </testcase> <!-- oprn -->
  <system-out/>
</testsuite> <!-- com.asfd.testcase.TC_myaccountpageTest2 -->
