<?xml version="1.0" encoding="UTF-8"?>
<!-- Generated by org.testng.reporters.JUnitReportReporter -->
<testsuite hostname="ARPGL002607" failures="0" tests="1" name="asdf.asdf.App1" time="8.816" errors="0" timestamp="2023-02-19T15:57:11 IST" skipped="0">
  <testcase classname="asdf.asdf.App1" name="signup" time="8.816"/>
  <system-out/>
</testsuite> <!-- asdf.asdf.App1 -->
